<?xml version="1.0" encoding="UTF-8"?>
<!-- Generated by org.testng.reporters.JUnitXMLReporter -->
<testsuite ignored="0" hostname="LAPTOP-9B1FEA8D" failures="0" tests="4" name="Default test" time="0.119" errors="0" timestamp="2021-09-21T16:22:00 EDT">
  <testcase classname="e1.Test1" name="test1" time="0.02"/>
  <testcase classname="e1.Test1" name="test2" time="0.004"/>
  <testcase classname="e1.Test1" name="test3" time="0.001"/>
  <testcase classname="e1.Test1" name="test4" time="0.002"/>
</testsuite> <!-- Default test -->
