<?xml version="1.0" encoding="UTF-8"?>
<!-- Generated by org.testng.reporters.JUnitXMLReporter -->
<testsuite ignored="0" hostname="LAPTOP-9B1FEA8D" failures="3" tests="3" name="Test" time="0.064" errors="0" timestamp="2021-09-21T16:09:59 EDT">
  <testcase classname="e1.ErrorValidatorTest" name="testErrorValidator" time="0.013">
    <failure type="java.lang.AssertionError" message="Not yet implemented">
      <![CDATA[java.lang.AssertionError: Not yet implemented
at e1.ErrorValidatorTest.testErrorValidator(ErrorValidatorTest.java:10)
at java.base/java.util.ArrayList.forEach(ArrayList.java:1511)
... Removed 28 stack frames]]>
    </failure>
  </testcase> <!-- testErrorValidator -->
  <testcase classname="e1.ErrorValidatorTest" name="testValidatenot" time="0.001">
    <failure type="java.lang.AssertionError" message="Not yet implemented">
      <![CDATA[java.lang.AssertionError: Not yet implemented
at e1.ErrorValidatorTest.testValidatenot(ErrorValidatorTest.java:15)
at java.base/java.util.ArrayList.forEach(ArrayList.java:1511)
... Removed 28 stack frames]]>
    </failure>
  </testcase> <!-- testValidatenot -->
  <testcase classname="e1.ErrorValidatorTest" name="testValidatetan" time="0.001">
    <failure type="java.lang.AssertionError" message="Not yet implemented">
      <![CDATA[java.lang.AssertionError: Not yet implemented
at e1.ErrorValidatorTest.testValidatetan(ErrorValidatorTest.java:20)
at java.base/java.util.ArrayList.forEach(ArrayList.java:1511)
... Removed 28 stack frames]]>
    </failure>
  </testcase> <!-- testValidatetan -->
</testsuite> <!-- Test -->
