<?xml version="1.0" encoding="UTF-8"?>
<!-- Generated by org.testng.reporters.JUnitXMLReporter -->
<testsuite ignored="0" hostname="LAPTOP-9B1FEA8D" failures="0" tests="6" name="Command line test" time="0.415" errors="0" timestamp="2021-09-29T08:13:29 EDT">
  <testcase classname="controller.ErrorValidatorTest" name="test1" time="0.382"/>
  <testcase classname="controller.ErrorValidatorTest" name="test2" time="0.001"/>
  <testcase classname="controller.Test1" name="test1" time="0.0"/>
  <testcase classname="controller.Test1" name="test2" time="0.0"/>
  <testcase classname="controller.Test1" name="test3" time="0.001"/>
  <testcase classname="controller.Test1" name="test4" time="0.0"/>
</testsuite> <!-- Command line test -->
