<?xml version="1.0" encoding="UTF-8"?>
<testng-results ignored="0" total="6" passed="6" failed="0" skipped="0">
  <reporter-output>
  </reporter-output>
  <suite started-at="2021-09-29T08:13:29 EDT" name="Command line suite" finished-at="2021-09-29T08:13:29 EDT" duration-ms="415">
    <groups>
    </groups>
    <test started-at="2021-09-29T08:13:29 EDT" name="Command line test" finished-at="2021-09-29T08:13:29 EDT" duration-ms="415">
      <class name="controller.ErrorValidatorTest">
        <test-method signature="test1()[pri:0, instance:controller.ErrorValidatorTest@25bbf683]" started-at="2021-09-29T08:13:29 EDT" name="test1" finished-at="2021-09-29T08:13:29 EDT" duration-ms="382" status="PASS">
          <reporter-output>
          </reporter-output>
        </test-method> <!-- test1 -->
        <test-method signature="test2()[pri:0, instance:controller.ErrorValidatorTest@25bbf683]" started-at="2021-09-29T08:13:29 EDT" name="test2" finished-at="2021-09-29T08:13:29 EDT" duration-ms="1" status="PASS">
          <reporter-output>
          </reporter-output>
        </test-method> <!-- test2 -->
      </class> <!-- controller.ErrorValidatorTest -->
      <class name="controller.Test1">
        <test-method signature="test2()[pri:0, instance:controller.Test1@ccb4b1b]" started-at="2021-09-29T08:13:29 EDT" name="test2" finished-at="2021-09-29T08:13:29 EDT" duration-ms="0" status="PASS">
          <reporter-output>
          </reporter-output>
        </test-method> <!-- test2 -->
        <test-method signature="test3()[pri:0, instance:controller.Test1@ccb4b1b]" started-at="2021-09-29T08:13:29 EDT" name="test3" finished-at="2021-09-29T08:13:29 EDT" duration-ms="1" status="PASS">
          <reporter-output>
          </reporter-output>
        </test-method> <!-- test3 -->
        <test-method signature="test1()[pri:0, instance:controller.Test1@ccb4b1b]" started-at="2021-09-29T08:13:29 EDT" name="test1" finished-at="2021-09-29T08:13:29 EDT" duration-ms="0" status="PASS">
          <reporter-output>
          </reporter-output>
        </test-method> <!-- test1 -->
        <test-method signature="test4()[pri:0, instance:controller.Test1@ccb4b1b]" started-at="2021-09-29T08:13:29 EDT" name="test4" finished-at="2021-09-29T08:13:29 EDT" duration-ms="0" status="PASS">
          <reporter-output>
          </reporter-output>
        </test-method> <!-- test4 -->
      </class> <!-- controller.Test1 -->
    </test> <!-- Command line test -->
  </suite> <!-- Command line suite -->
</testng-results>
