<?xml version="1.0" encoding="UTF-8" ?>
<testsuite tests="6" failures="0" name="TestSuite" time="0.384" errors="0" skipped="0">
  <properties>
[...]
</properties>
  <testcase classname="controller.ErrorValidatorTest" name="test1" time="0.384"/>
  <testcase classname="controller.ErrorValidatorTest" name="test2" time="0"/>
  <testcase classname="controller.Test1" name="test1" time="0"/>
  <testcase classname="controller.Test1" name="test2" time="0"/>
  <testcase classname="controller.Test1" name="test3" time="0"/>
  <testcase classname="controller.Test1" name="test4" time="0"/>
</testsuite>