<?xml version="1.0" encoding="UTF-8"?>
<testng-results ignored="0" total="4" passed="4" failed="0" skipped="0">
  <reporter-output>
  </reporter-output>
  <suite started-at="2021-09-20T15:23:50 EDT" name="Default suite" finished-at="2021-09-20T15:23:50 EDT" duration-ms="46">
    <groups>
    </groups>
    <test started-at="2021-09-20T15:23:50 EDT" name="Default test" finished-at="2021-09-20T15:23:50 EDT" duration-ms="46">
      <class name="e1.Test1">
        <test-method signature="test1()[pri:0, instance:e1.Test1@618425b5]" started-at="2021-09-20T15:23:50 EDT" name="test1" finished-at="2021-09-20T15:23:50 EDT" duration-ms="7" status="PASS">
          <reporter-output>
          </reporter-output>
        </test-method> <!-- test1 -->
        <test-method signature="test2()[pri:0, instance:e1.Test1@618425b5]" started-at="2021-09-20T15:23:50 EDT" name="test2" finished-at="2021-09-20T15:23:50 EDT" duration-ms="2" status="PASS">
          <reporter-output>
          </reporter-output>
        </test-method> <!-- test2 -->
        <test-method signature="test3()[pri:0, instance:e1.Test1@618425b5]" started-at="2021-09-20T15:23:50 EDT" name="test3" finished-at="2021-09-20T15:23:50 EDT" duration-ms="1" status="PASS">
          <reporter-output>
          </reporter-output>
        </test-method> <!-- test3 -->
        <test-method signature="test4()[pri:0, instance:e1.Test1@618425b5]" started-at="2021-09-20T15:23:50 EDT" name="test4" finished-at="2021-09-20T15:23:50 EDT" duration-ms="1" status="PASS">
          <reporter-output>
          </reporter-output>
        </test-method> <!-- test4 -->
      </class> <!-- e1.Test1 -->
    </test> <!-- Default test -->
  </suite> <!-- Default suite -->
</testng-results>
